f:\c语言\class\class\debug\vc142.pdb
f:\c语言\class\class\debug\vc142.idb
f:\c语言\class\class\debug\test.obj
f:\c语言\class\class\debug\classsystem.obj
f:\c语言\class\class\debug\class.obj
f:\c语言\class\class\debug\classsystem.obj.enc
f:\c语言\class\class\debug\test.obj.enc
f:\c语言\class\debug\class.pdb
f:\c语言\class\class\debug\class.tlog\cl.command.1.tlog
f:\c语言\class\class\debug\class.tlog\cl.read.1.tlog
f:\c语言\class\class\debug\class.tlog\cl.write.1.tlog
f:\c语言\class\class\debug\class.tlog\link-cvtres.read.1.tlog
f:\c语言\class\class\debug\class.tlog\link-cvtres.write.1.tlog
f:\c语言\class\class\debug\class.tlog\link-rc.read.1.tlog
f:\c语言\class\class\debug\class.tlog\link-rc.write.1.tlog
f:\c语言\class\class\debug\class.tlog\link.16660-cvtres.read.1.tlog
f:\c语言\class\class\debug\class.tlog\link.16660-cvtres.write.1.tlog
f:\c语言\class\class\debug\class.tlog\link.16660-rc.read.1.tlog
f:\c语言\class\class\debug\class.tlog\link.16660-rc.write.1.tlog
f:\c语言\class\class\debug\class.tlog\link.16660.read.1.tlog
f:\c语言\class\class\debug\class.tlog\link.16660.write.1.tlog
f:\c语言\class\class\debug\class.tlog\link.command.1.tlog
f:\c语言\class\class\debug\class.tlog\link.read.1.tlog
f:\c语言\class\class\debug\class.tlog\link.write.1.tlog
